{"/Users/varunmehta/Projects/mern/winston-configuration/src/app.js": {"path":"/Users/varunmehta/Projects/mern/winston-configuration/src/app.js","statementMap":{"0":{"start":{"line":8,"column":12},"end":{"line":8,"column":21}},"1":{"start":{"line":11,"column":0},"end":{"line":11,"column":17}},"2":{"start":{"line":14,"column":0},"end":{"line":14,"column":23}},"3":{"start":{"line":17,"column":0},"end":{"line":17,"column":30}},"4":{"start":{"line":20,"column":0},"end":{"line":20,"column":18}},"5":{"start":{"line":23,"column":0},"end":{"line":23,"column":20}},"6":{"start":{"line":26,"column":0},"end":{"line":26,"column":20}},"7":{"start":{"line":27,"column":0},"end":{"line":27,"column":26}}},"fnMap":{},"branchMap":{},"s":{"0":1,"1":1,"2":1,"3":1,"4":1,"5":1,"6":1,"7":1},"f":{},"b":{},"_coverageSchema":"1a1c01bbd47fc00a2c39e90264f33305004495a9","hash":"243199205cc74d4003bcce14c7b18005bbfd1fe7"}
,"/Users/varunmehta/Projects/mern/winston-configuration/src/main.routes.js": {"path":"/Users/varunmehta/Projects/mern/winston-configuration/src/main.routes.js","statementMap":{"0":{"start":{"line":5,"column":17},"end":{"line":5,"column":23}},"1":{"start":{"line":6,"column":1},"end":{"line":6,"column":41}},"2":{"start":{"line":7,"column":1},"end":{"line":7,"column":39}},"3":{"start":{"line":8,"column":1},"end":{"line":8,"column":39}},"4":{"start":{"line":9,"column":1},"end":{"line":9,"column":33}}},"fnMap":{"0":{"name":"(anonymous_0)","decl":{"start":{"line":4,"column":15},"end":{"line":4,"column":16}},"loc":{"start":{"line":4,"column":22},"end":{"line":10,"column":1}},"line":4}},"branchMap":{},"s":{"0":1,"1":1,"2":1,"3":1,"4":1},"f":{"0":1},"b":{},"_coverageSchema":"1a1c01bbd47fc00a2c39e90264f33305004495a9","hash":"d14eae546087e3e941f6e36e3c5e20eafee30078"}
,"/Users/varunmehta/Projects/mern/winston-configuration/src/users.db.js": {"path":"/Users/varunmehta/Projects/mern/winston-configuration/src/users.db.js","statementMap":{},"fnMap":{},"branchMap":{},"s":{},"f":{},"b":{},"_coverageSchema":"1a1c01bbd47fc00a2c39e90264f33305004495a9","hash":"778b6786db8c0c2561f3973646142b6dc014d6df"}
,"/Users/varunmehta/Projects/mern/winston-configuration/src/api/admin/admin.controller.js": {"path":"/Users/varunmehta/Projects/mern/winston-configuration/src/api/admin/admin.controller.js","statementMap":{"0":{"start":{"line":5,"column":21},"end":{"line":13,"column":1}},"1":{"start":{"line":6,"column":15},"end":{"line":6,"column":28}},"2":{"start":{"line":7,"column":1},"end":{"line":12,"column":2}},"3":{"start":{"line":8,"column":2},"end":{"line":8,"column":43}},"4":{"start":{"line":10,"column":2},"end":{"line":10,"column":60}},"5":{"start":{"line":11,"column":2},"end":{"line":11,"column":75}}},"fnMap":{"0":{"name":"(anonymous_0)","decl":{"start":{"line":5,"column":21},"end":{"line":5,"column":22}},"loc":{"start":{"line":5,"column":35},"end":{"line":13,"column":1}},"line":5}},"branchMap":{"0":{"loc":{"start":{"line":7,"column":1},"end":{"line":12,"column":2}},"type":"if","locations":[{"start":{"line":7,"column":1},"end":{"line":12,"column":2}},{"start":{"line":7,"column":1},"end":{"line":12,"column":2}}],"line":7}},"s":{"0":1,"1":0,"2":0,"3":0,"4":0,"5":0},"f":{"0":0},"b":{"0":[0,0]},"_coverageSchema":"1a1c01bbd47fc00a2c39e90264f33305004495a9","hash":"3936132a2a424d42e8bf3c95bf9b3bf2ea57fd12"}
,"/Users/varunmehta/Projects/mern/winston-configuration/src/api/admin/admin.routes.js": {"path":"/Users/varunmehta/Projects/mern/winston-configuration/src/api/admin/admin.routes.js","statementMap":{"0":{"start":{"line":6,"column":15},"end":{"line":6,"column":23}},"1":{"start":{"line":8,"column":0},"end":{"line":8,"column":46}}},"fnMap":{},"branchMap":{},"s":{"0":1,"1":1},"f":{},"b":{},"_coverageSchema":"1a1c01bbd47fc00a2c39e90264f33305004495a9","hash":"ac56f4bf3310288b0e06a60b65dbeb1d7be6440b"}
,"/Users/varunmehta/Projects/mern/winston-configuration/src/api/auth/auth.controller.js": {"path":"/Users/varunmehta/Projects/mern/winston-configuration/src/api/auth/auth.controller.js","statementMap":{"0":{"start":{"line":4,"column":26},"end":{"line":15,"column":1}},"1":{"start":{"line":5,"column":29},"end":{"line":5,"column":37}},"2":{"start":{"line":7,"column":1},"end":{"line":14,"column":2}},"3":{"start":{"line":8,"column":2},"end":{"line":8,"column":69}},"4":{"start":{"line":10,"column":2},"end":{"line":10,"column":27}},"5":{"start":{"line":11,"column":2},"end":{"line":11,"column":52}},"6":{"start":{"line":12,"column":2},"end":{"line":12,"column":22}},"7":{"start":{"line":13,"column":2},"end":{"line":13,"column":75}},"8":{"start":{"line":17,"column":26},"end":{"line":26,"column":1}},"9":{"start":{"line":18,"column":29},"end":{"line":18,"column":37}},"10":{"start":{"line":19,"column":1},"end":{"line":19,"column":45}},"11":{"start":{"line":20,"column":1},"end":{"line":25,"column":2}},"12":{"start":{"line":21,"column":2},"end":{"line":21,"column":22}},"13":{"start":{"line":22,"column":2},"end":{"line":22,"column":33}},"14":{"start":{"line":24,"column":2},"end":{"line":24,"column":53}},"15":{"start":{"line":28,"column":27},"end":{"line":30,"column":1}},"16":{"start":{"line":29,"column":1},"end":{"line":29,"column":32}}},"fnMap":{"0":{"name":"(anonymous_0)","decl":{"start":{"line":4,"column":26},"end":{"line":4,"column":27}},"loc":{"start":{"line":4,"column":40},"end":{"line":15,"column":1}},"line":4},"1":{"name":"(anonymous_1)","decl":{"start":{"line":17,"column":26},"end":{"line":17,"column":27}},"loc":{"start":{"line":17,"column":40},"end":{"line":26,"column":1}},"line":17},"2":{"name":"(anonymous_2)","decl":{"start":{"line":28,"column":27},"end":{"line":28,"column":28}},"loc":{"start":{"line":28,"column":42},"end":{"line":30,"column":1}},"line":28}},"branchMap":{"0":{"loc":{"start":{"line":7,"column":1},"end":{"line":14,"column":2}},"type":"if","locations":[{"start":{"line":7,"column":1},"end":{"line":14,"column":2}},{"start":{"line":7,"column":1},"end":{"line":14,"column":2}}],"line":7},"1":{"loc":{"start":{"line":20,"column":1},"end":{"line":25,"column":2}},"type":"if","locations":[{"start":{"line":20,"column":1},"end":{"line":25,"column":2}},{"start":{"line":20,"column":1},"end":{"line":25,"column":2}}],"line":20}},"s":{"0":1,"1":3,"2":3,"3":1,"4":2,"5":2,"6":2,"7":2,"8":1,"9":0,"10":0,"11":0,"12":0,"13":0,"14":0,"15":1,"16":0},"f":{"0":3,"1":0,"2":0},"b":{"0":[1,2],"1":[0,0]},"_coverageSchema":"1a1c01bbd47fc00a2c39e90264f33305004495a9","hash":"e4c6ce1e1f48fb0d9d66bc6294bf645e91cd9a7a"}
,"/Users/varunmehta/Projects/mern/winston-configuration/src/api/auth/auth.routes.js": {"path":"/Users/varunmehta/Projects/mern/winston-configuration/src/api/auth/auth.routes.js","statementMap":{"0":{"start":{"line":7,"column":15},"end":{"line":7,"column":23}},"1":{"start":{"line":9,"column":0},"end":{"line":9,"column":75}},"2":{"start":{"line":11,"column":0},"end":{"line":11,"column":75}},"3":{"start":{"line":13,"column":0},"end":{"line":13,"column":55}}},"fnMap":{},"branchMap":{},"s":{"0":1,"1":1,"2":1,"3":1},"f":{},"b":{},"_coverageSchema":"1a1c01bbd47fc00a2c39e90264f33305004495a9","hash":"7a24860e827b2df182c04b616c22c4c56d4b6a4f"}
,"/Users/varunmehta/Projects/mern/winston-configuration/src/api/auth/auth.validator.js": {"path":"/Users/varunmehta/Projects/mern/winston-configuration/src/api/auth/auth.validator.js","statementMap":{"0":{"start":{"line":3,"column":24},"end":{"line":3,"column":77}},"1":{"start":{"line":3,"column":30},"end":{"line":3,"column":77}},"2":{"start":{"line":4,"column":27},"end":{"line":7,"column":78}},"3":{"start":{"line":5,"column":1},"end":{"line":7,"column":78}},"4":{"start":{"line":9,"column":31},"end":{"line":9,"column":72}},"5":{"start":{"line":11,"column":31},"end":{"line":11,"column":72}}},"fnMap":{"0":{"name":"(anonymous_0)","decl":{"start":{"line":3,"column":24},"end":{"line":3,"column":25}},"loc":{"start":{"line":3,"column":30},"end":{"line":3,"column":77}},"line":3},"1":{"name":"(anonymous_1)","decl":{"start":{"line":4,"column":27},"end":{"line":4,"column":28}},"loc":{"start":{"line":5,"column":1},"end":{"line":7,"column":78}},"line":5}},"branchMap":{},"s":{"0":1,"1":2,"2":1,"3":2,"4":1,"5":1},"f":{"0":2,"1":2},"b":{},"_coverageSchema":"1a1c01bbd47fc00a2c39e90264f33305004495a9","hash":"fba3661d31a4ff7e1c0bf82075c0b3891408796e"}
,"/Users/varunmehta/Projects/mern/winston-configuration/src/api/home/home.controller.js": {"path":"/Users/varunmehta/Projects/mern/winston-configuration/src/api/home/home.controller.js","statementMap":{"0":{"start":{"line":1,"column":26},"end":{"line":3,"column":1}},"1":{"start":{"line":2,"column":1},"end":{"line":2,"column":49}}},"fnMap":{"0":{"name":"(anonymous_0)","decl":{"start":{"line":1,"column":26},"end":{"line":1,"column":27}},"loc":{"start":{"line":1,"column":38},"end":{"line":3,"column":1}},"line":1}},"branchMap":{},"s":{"0":1,"1":0},"f":{"0":0},"b":{},"_coverageSchema":"1a1c01bbd47fc00a2c39e90264f33305004495a9","hash":"6699a70014c3eb17b7f7a23094c77e5b2dbd60b5"}
,"/Users/varunmehta/Projects/mern/winston-configuration/src/api/home/home.routes.js": {"path":"/Users/varunmehta/Projects/mern/winston-configuration/src/api/home/home.routes.js","statementMap":{"0":{"start":{"line":3,"column":15},"end":{"line":3,"column":31}},"1":{"start":{"line":5,"column":23},"end":{"line":5,"column":51}},"2":{"start":{"line":7,"column":0},"end":{"line":7,"column":32}}},"fnMap":{},"branchMap":{},"s":{"0":1,"1":1,"2":1},"f":{},"b":{},"_coverageSchema":"1a1c01bbd47fc00a2c39e90264f33305004495a9","hash":"4f214f32b71885bb61c3590bc80428f17eec7faa"}
,"/Users/varunmehta/Projects/mern/winston-configuration/src/api/services/services.controller.js": {"path":"/Users/varunmehta/Projects/mern/winston-configuration/src/api/services/services.controller.js","statementMap":{"0":{"start":{"line":3,"column":28},"end":{"line":7,"column":1}},"1":{"start":{"line":4,"column":15},"end":{"line":4,"column":28}},"2":{"start":{"line":5,"column":1},"end":{"line":5,"column":21}},"3":{"start":{"line":6,"column":1},"end":{"line":6,"column":32}}},"fnMap":{"0":{"name":"(anonymous_0)","decl":{"start":{"line":3,"column":28},"end":{"line":3,"column":29}},"loc":{"start":{"line":3,"column":42},"end":{"line":7,"column":1}},"line":3}},"branchMap":{},"s":{"0":1,"1":0,"2":0,"3":0},"f":{"0":0},"b":{},"_coverageSchema":"1a1c01bbd47fc00a2c39e90264f33305004495a9","hash":"b628d3c72deacefb6e4a0eb61ce801273648ee75"}
,"/Users/varunmehta/Projects/mern/winston-configuration/src/api/services/services.routes.js": {"path":"/Users/varunmehta/Projects/mern/winston-configuration/src/api/services/services.routes.js","statementMap":{"0":{"start":{"line":5,"column":15},"end":{"line":5,"column":23}},"1":{"start":{"line":7,"column":0},"end":{"line":7,"column":56}}},"fnMap":{},"branchMap":{},"s":{"0":1,"1":1},"f":{},"b":{},"_coverageSchema":"1a1c01bbd47fc00a2c39e90264f33305004495a9","hash":"d48e248f046171a5a260e60a0e0cc6c1e038f250"}
,"/Users/varunmehta/Projects/mern/winston-configuration/src/api/services/services.validator.js": {"path":"/Users/varunmehta/Projects/mern/winston-configuration/src/api/services/services.validator.js","statementMap":{},"fnMap":{},"branchMap":{},"s":{},"f":{},"b":{}}
,"/Users/varunmehta/Projects/mern/winston-configuration/src/util/error.manager.js": {"path":"/Users/varunmehta/Projects/mern/winston-configuration/src/util/error.manager.js","statementMap":{"0":{"start":{"line":4,"column":33},"end":{"line":7,"column":1}},"1":{"start":{"line":5,"column":41},"end":{"line":5,"column":46}},"2":{"start":{"line":6,"column":1},"end":{"line":6,"column":66}},"3":{"start":{"line":12,"column":2},"end":{"line":12,"column":43}},"4":{"start":{"line":15,"column":2},"end":{"line":15,"column":35}},"5":{"start":{"line":16,"column":2},"end":{"line":16,"column":37}},"6":{"start":{"line":17,"column":2},"end":{"line":17,"column":22}},"7":{"start":{"line":22,"column":38},"end":{"line":29,"column":1}},"8":{"start":{"line":23,"column":16},"end":{"line":23,"column":37}},"9":{"start":{"line":24,"column":1},"end":{"line":27,"column":2}},"10":{"start":{"line":26,"column":2},"end":{"line":26,"column":64}},"11":{"start":{"line":28,"column":1},"end":{"line":28,"column":7}}},"fnMap":{"0":{"name":"(anonymous_0)","decl":{"start":{"line":4,"column":33},"end":{"line":4,"column":34}},"loc":{"start":{"line":4,"column":62},"end":{"line":7,"column":1}},"line":4},"1":{"name":"(anonymous_1)","decl":{"start":{"line":11,"column":1},"end":{"line":11,"column":2}},"loc":{"start":{"line":11,"column":47},"end":{"line":18,"column":2}},"line":11},"2":{"name":"(anonymous_2)","decl":{"start":{"line":22,"column":38},"end":{"line":22,"column":39}},"loc":{"start":{"line":22,"column":59},"end":{"line":29,"column":1}},"line":22}},"branchMap":{"0":{"loc":{"start":{"line":11,"column":34},"end":{"line":11,"column":45}},"type":"default-arg","locations":[{"start":{"line":11,"column":43},"end":{"line":11,"column":45}}],"line":11},"1":{"loc":{"start":{"line":12,"column":8},"end":{"line":12,"column":42}},"type":"binary-expr","locations":[{"start":{"line":12,"column":8},"end":{"line":12,"column":15}},{"start":{"line":12,"column":19},"end":{"line":12,"column":42}}],"line":12},"2":{"loc":{"start":{"line":16,"column":20},"end":{"line":16,"column":37}},"type":"binary-expr","locations":[{"start":{"line":16,"column":20},"end":{"line":16,"column":30}},{"start":{"line":16,"column":34},"end":{"line":16,"column":37}}],"line":16},"3":{"loc":{"start":{"line":24,"column":1},"end":{"line":27,"column":2}},"type":"if","locations":[{"start":{"line":24,"column":1},"end":{"line":27,"column":2}},{"start":{"line":24,"column":1},"end":{"line":27,"column":2}}],"line":24}},"s":{"0":1,"1":10,"2":10,"3":10,"4":10,"5":10,"6":10,"7":1,"8":12,"9":12,"10":9,"11":3},"f":{"0":10,"1":10,"2":12},"b":{"0":[1],"1":[10,0],"2":[10,0],"3":[9,3]},"_coverageSchema":"1a1c01bbd47fc00a2c39e90264f33305004495a9","hash":"4ea0ab44f91832f15699cc7b64d430604b7d3b84"}
,"/Users/varunmehta/Projects/mern/winston-configuration/src/util/logger.js": {"path":"/Users/varunmehta/Projects/mern/winston-configuration/src/util/logger.js","statementMap":{"0":{"start":{"line":6,"column":30},"end":{"line":48,"column":1}},"1":{"start":{"line":7,"column":22},"end":{"line":7,"column":32}},"2":{"start":{"line":9,"column":1},"end":{"line":46,"column":3}},"3":{"start":{"line":20,"column":6},"end":{"line":20,"column":9}},"4":{"start":{"line":21,"column":42},"end":{"line":21,"column":48}},"5":{"start":{"line":23,"column":40},"end":{"line":23,"column":43}},"6":{"start":{"line":24,"column":18},"end":{"line":24,"column":34}},"7":{"start":{"line":26,"column":2},"end":{"line":45,"column":4}},"8":{"start":{"line":47,"column":1},"end":{"line":47,"column":7}},"9":{"start":{"line":51,"column":27},"end":{"line":64,"column":1}},"10":{"start":{"line":52,"column":57},"end":{"line":52,"column":60}},"11":{"start":{"line":53,"column":1},"end":{"line":62,"column":3}},"12":{"start":{"line":63,"column":1},"end":{"line":63,"column":12}}},"fnMap":{"0":{"name":"(anonymous_0)","decl":{"start":{"line":6,"column":30},"end":{"line":6,"column":31}},"loc":{"start":{"line":6,"column":50},"end":{"line":48,"column":1}},"line":6},"1":{"name":"(anonymous_1)","decl":{"start":{"line":9,"column":18},"end":{"line":9,"column":19}},"loc":{"start":{"line":9,"column":24},"end":{"line":46,"column":2}},"line":9},"2":{"name":"(anonymous_2)","decl":{"start":{"line":51,"column":27},"end":{"line":51,"column":28}},"loc":{"start":{"line":51,"column":55},"end":{"line":64,"column":1}},"line":51}},"branchMap":{"0":{"loc":{"start":{"line":59,"column":10},"end":{"line":59,"column":49}},"type":"binary-expr","locations":[{"start":{"line":59,"column":10},"end":{"line":59,"column":22}},{"start":{"line":59,"column":26},"end":{"line":59,"column":42}},{"start":{"line":59,"column":46},"end":{"line":59,"column":49}}],"line":59}},"s":{"0":1,"1":12,"2":12,"3":12,"4":12,"5":12,"6":12,"7":12,"8":12,"9":1,"10":10,"11":10,"12":10},"f":{"0":12,"1":12,"2":10},"b":{"0":[10,10,0]},"_coverageSchema":"1a1c01bbd47fc00a2c39e90264f33305004495a9","hash":"510a0c8315fb7c358c54570d3201dde0ba71f64b"}
,"/Users/varunmehta/Projects/mern/winston-configuration/src/util/token.manager.js": {"path":"/Users/varunmehta/Projects/mern/winston-configuration/src/util/token.manager.js","statementMap":{"0":{"start":{"line":5,"column":17},"end":{"line":5,"column":31}},"1":{"start":{"line":6,"column":25},"end":{"line":6,"column":68}},"2":{"start":{"line":8,"column":1},"end":{"line":10,"column":29}},"3":{"start":{"line":12,"column":22},"end":{"line":16,"column":3}},"4":{"start":{"line":13,"column":1},"end":{"line":16,"column":3}},"5":{"start":{"line":18,"column":23},"end":{"line":29,"column":1}},"6":{"start":{"line":19,"column":1},"end":{"line":28,"column":2}},"7":{"start":{"line":20,"column":2},"end":{"line":20,"column":37}},"8":{"start":{"line":22,"column":2},"end":{"line":25,"column":3}},"9":{"start":{"line":24,"column":3},"end":{"line":24,"column":52}},"10":{"start":{"line":27,"column":2},"end":{"line":27,"column":45}},"11":{"start":{"line":31,"column":23},"end":{"line":37,"column":1}},"12":{"start":{"line":32,"column":17},"end":{"line":32,"column":38}},"13":{"start":{"line":33,"column":1},"end":{"line":35,"column":2}},"14":{"start":{"line":34,"column":2},"end":{"line":34,"column":19}},"15":{"start":{"line":36,"column":1},"end":{"line":36,"column":12}},"16":{"start":{"line":39,"column":24},"end":{"line":43,"column":1}},"17":{"start":{"line":40,"column":15},"end":{"line":40,"column":17}},"18":{"start":{"line":41,"column":1},"end":{"line":41,"column":47}},"19":{"start":{"line":42,"column":1},"end":{"line":42,"column":15}},"20":{"start":{"line":45,"column":33},"end":{"line":58,"column":1}},"21":{"start":{"line":46,"column":1},"end":{"line":46,"column":31}},"22":{"start":{"line":47,"column":1},"end":{"line":56,"column":2}},"23":{"start":{"line":49,"column":2},"end":{"line":49,"column":35}},"24":{"start":{"line":51,"column":2},"end":{"line":54,"column":4}},"25":{"start":{"line":55,"column":2},"end":{"line":55,"column":45}},"26":{"start":{"line":57,"column":1},"end":{"line":57,"column":7}},"27":{"start":{"line":60,"column":24},"end":{"line":60,"column":64}},"28":{"start":{"line":60,"column":31},"end":{"line":60,"column":64}}},"fnMap":{"0":{"name":"(anonymous_0)","decl":{"start":{"line":12,"column":22},"end":{"line":12,"column":23}},"loc":{"start":{"line":13,"column":1},"end":{"line":16,"column":3}},"line":13},"1":{"name":"(anonymous_1)","decl":{"start":{"line":18,"column":23},"end":{"line":18,"column":24}},"loc":{"start":{"line":18,"column":32},"end":{"line":29,"column":1}},"line":18},"2":{"name":"(anonymous_2)","decl":{"start":{"line":31,"column":23},"end":{"line":31,"column":24}},"loc":{"start":{"line":31,"column":32},"end":{"line":37,"column":1}},"line":31},"3":{"name":"(anonymous_3)","decl":{"start":{"line":39,"column":24},"end":{"line":39,"column":25}},"loc":{"start":{"line":39,"column":48},"end":{"line":43,"column":1}},"line":39},"4":{"name":"(anonymous_4)","decl":{"start":{"line":45,"column":33},"end":{"line":45,"column":34}},"loc":{"start":{"line":45,"column":54},"end":{"line":58,"column":1}},"line":45},"5":{"name":"(anonymous_5)","decl":{"start":{"line":60,"column":24},"end":{"line":60,"column":25}},"loc":{"start":{"line":60,"column":31},"end":{"line":60,"column":64}},"line":60}},"branchMap":{"0":{"loc":{"start":{"line":6,"column":25},"end":{"line":6,"column":68}},"type":"cond-expr","locations":[{"start":{"line":6,"column":59},"end":{"line":6,"column":62}},{"start":{"line":6,"column":65},"end":{"line":6,"column":68}}],"line":6},"1":{"loc":{"start":{"line":8,"column":1},"end":{"line":10,"column":29}},"type":"cond-expr","locations":[{"start":{"line":9,"column":4},"end":{"line":9,"column":26}},{"start":{"line":10,"column":4},"end":{"line":10,"column":29}}],"line":8},"2":{"loc":{"start":{"line":22,"column":2},"end":{"line":25,"column":3}},"type":"if","locations":[{"start":{"line":22,"column":2},"end":{"line":25,"column":3}},{"start":{"line":22,"column":2},"end":{"line":25,"column":3}}],"line":22},"3":{"loc":{"start":{"line":33,"column":1},"end":{"line":35,"column":2}},"type":"if","locations":[{"start":{"line":33,"column":1},"end":{"line":35,"column":2}},{"start":{"line":33,"column":1},"end":{"line":35,"column":2}}],"line":33},"4":{"loc":{"start":{"line":33,"column":5},"end":{"line":33,"column":26}},"type":"binary-expr","locations":[{"start":{"line":33,"column":5},"end":{"line":33,"column":12}},{"start":{"line":33,"column":16},"end":{"line":33,"column":26}}],"line":33},"5":{"loc":{"start":{"line":47,"column":1},"end":{"line":56,"column":2}},"type":"if","locations":[{"start":{"line":47,"column":1},"end":{"line":56,"column":2}},{"start":{"line":47,"column":1},"end":{"line":56,"column":2}}],"line":47}},"s":{"0":1,"1":1,"2":1,"3":1,"4":2,"5":1,"6":0,"7":0,"8":0,"9":0,"10":0,"11":1,"12":0,"13":0,"14":0,"15":0,"16":1,"17":2,"18":2,"19":2,"20":1,"21":0,"22":0,"23":0,"24":0,"25":0,"26":0,"27":1,"28":0},"f":{"0":2,"1":0,"2":0,"3":2,"4":0,"5":0},"b":{"0":[0,1],"1":[0,1],"2":[0,0],"3":[0,0],"4":[0,0],"5":[0,0]},"_coverageSchema":"1a1c01bbd47fc00a2c39e90264f33305004495a9","hash":"28c103b4f735d0c1be858fe2f8ed8db05e3ed85f"}
,"/Users/varunmehta/Projects/mern/winston-configuration/src/util/winston.logger.js": {"path":"/Users/varunmehta/Projects/mern/winston-configuration/src/util/winston.logger.js","statementMap":{"0":{"start":{"line":8,"column":44},"end":{"line":8,"column":50}},"1":{"start":{"line":10,"column":18},"end":{"line":17,"column":1}},"2":{"start":{"line":12,"column":2},"end":{"line":16,"column":5}},"3":{"start":{"line":19,"column":22},"end":{"line":22,"column":1}},"4":{"start":{"line":21,"column":2},"end":{"line":21,"column":73}},"5":{"start":{"line":24,"column":24},"end":{"line":26,"column":2}},"6":{"start":{"line":28,"column":32},"end":{"line":32,"column":1}},"7":{"start":{"line":34,"column":29},"end":{"line":44,"column":2}},"8":{"start":{"line":34,"column":55},"end":{"line":44,"column":1}},"9":{"start":{"line":46,"column":29},"end":{"line":53,"column":2}},"10":{"start":{"line":46,"column":41},"end":{"line":53,"column":1}},"11":{"start":{"line":64,"column":35},"end":{"line":106,"column":1}},"12":{"start":{"line":74,"column":1},"end":{"line":76,"column":2}},"13":{"start":{"line":75,"column":2},"end":{"line":75,"column":58}},"14":{"start":{"line":78,"column":16},"end":{"line":86,"column":3}},"15":{"start":{"line":88,"column":1},"end":{"line":90,"column":2}},"16":{"start":{"line":89,"column":2},"end":{"line":89,"column":61}},"17":{"start":{"line":92,"column":1},"end":{"line":94,"column":2}},"18":{"start":{"line":93,"column":2},"end":{"line":93,"column":64}},"19":{"start":{"line":97,"column":1},"end":{"line":102,"column":2}},"20":{"start":{"line":100,"column":3},"end":{"line":100,"column":23}},"21":{"start":{"line":104,"column":1},"end":{"line":104,"column":50}},"22":{"start":{"line":105,"column":1},"end":{"line":105,"column":14}},"23":{"start":{"line":112,"column":23},"end":{"line":112,"column":55}}},"fnMap":{"0":{"name":"(anonymous_0)","decl":{"start":{"line":11,"column":1},"end":{"line":11,"column":2}},"loc":{"start":{"line":12,"column":2},"end":{"line":16,"column":5}},"line":12},"1":{"name":"(anonymous_1)","decl":{"start":{"line":20,"column":1},"end":{"line":20,"column":2}},"loc":{"start":{"line":21,"column":2},"end":{"line":21,"column":73}},"line":21},"2":{"name":"(anonymous_2)","decl":{"start":{"line":34,"column":29},"end":{"line":34,"column":30}},"loc":{"start":{"line":34,"column":55},"end":{"line":44,"column":1}},"line":34},"3":{"name":"(anonymous_3)","decl":{"start":{"line":46,"column":29},"end":{"line":46,"column":30}},"loc":{"start":{"line":46,"column":41},"end":{"line":53,"column":1}},"line":46},"4":{"name":"(anonymous_4)","decl":{"start":{"line":64,"column":35},"end":{"line":64,"column":36}},"loc":{"start":{"line":73,"column":5},"end":{"line":106,"column":1}},"line":73},"5":{"name":"(anonymous_5)","decl":{"start":{"line":98,"column":9},"end":{"line":98,"column":10}},"loc":{"start":{"line":98,"column":20},"end":{"line":101,"column":3}},"line":98}},"branchMap":{"0":{"loc":{"start":{"line":66,"column":1},"end":{"line":72,"column":7}},"type":"default-arg","locations":[{"start":{"line":72,"column":5},"end":{"line":72,"column":7}}],"line":66},"1":{"loc":{"start":{"line":67,"column":2},"end":{"line":67,"column":37}},"type":"default-arg","locations":[{"start":{"line":67,"column":8},"end":{"line":67,"column":37}}],"line":67},"2":{"loc":{"start":{"line":67,"column":8},"end":{"line":67,"column":37}},"type":"binary-expr","locations":[{"start":{"line":67,"column":8},"end":{"line":67,"column":28}},{"start":{"line":67,"column":32},"end":{"line":67,"column":37}}],"line":67},"3":{"loc":{"start":{"line":68,"column":2},"end":{"line":68,"column":48}},"type":"default-arg","locations":[{"start":{"line":68,"column":15},"end":{"line":68,"column":48}}],"line":68},"4":{"loc":{"start":{"line":68,"column":15},"end":{"line":68,"column":48}},"type":"binary-expr","locations":[{"start":{"line":68,"column":15},"end":{"line":68,"column":38}},{"start":{"line":68,"column":42},"end":{"line":68,"column":48}}],"line":68},"5":{"loc":{"start":{"line":69,"column":2},"end":{"line":69,"column":37}},"type":"default-arg","locations":[{"start":{"line":69,"column":15},"end":{"line":69,"column":37}}],"line":69},"6":{"loc":{"start":{"line":70,"column":2},"end":{"line":70,"column":23}},"type":"default-arg","locations":[{"start":{"line":70,"column":19},"end":{"line":70,"column":23}}],"line":70},"7":{"loc":{"start":{"line":71,"column":2},"end":{"line":71,"column":24}},"type":"default-arg","locations":[{"start":{"line":71,"column":19},"end":{"line":71,"column":24}}],"line":71},"8":{"loc":{"start":{"line":74,"column":1},"end":{"line":76,"column":2}},"type":"if","locations":[{"start":{"line":74,"column":1},"end":{"line":76,"column":2}},{"start":{"line":74,"column":1},"end":{"line":76,"column":2}}],"line":74},"9":{"loc":{"start":{"line":88,"column":1},"end":{"line":90,"column":2}},"type":"if","locations":[{"start":{"line":88,"column":1},"end":{"line":90,"column":2}},{"start":{"line":88,"column":1},"end":{"line":90,"column":2}}],"line":88},"10":{"loc":{"start":{"line":92,"column":1},"end":{"line":94,"column":2}},"type":"if","locations":[{"start":{"line":92,"column":1},"end":{"line":94,"column":2}},{"start":{"line":92,"column":1},"end":{"line":94,"column":2}}],"line":92},"11":{"loc":{"start":{"line":92,"column":5},"end":{"line":92,"column":33}},"type":"binary-expr","locations":[{"start":{"line":92,"column":5},"end":{"line":92,"column":19}},{"start":{"line":92,"column":23},"end":{"line":92,"column":33}}],"line":92}},"s":{"0":1,"1":1,"2":0,"3":1,"4":0,"5":1,"6":1,"7":1,"8":2,"9":1,"10":0,"11":1,"12":2,"13":0,"14":2,"15":2,"16":2,"17":2,"18":0,"19":2,"20":0,"21":2,"22":2,"23":1},"f":{"0":0,"1":0,"2":2,"3":0,"4":2,"5":0},"b":{"0":[2],"1":[2],"2":[2,0],"3":[2],"4":[2,2],"5":[2],"6":[2],"7":[2],"8":[0,2],"9":[2,0],"10":[0,2],"11":[2,0]},"_coverageSchema":"1a1c01bbd47fc00a2c39e90264f33305004495a9","hash":"0bcf210cc8bbd2c1319c5c91858ac3dd7508a791"}
}
