TN:
SF:src/app.js
FNF:0
FNH:0
DA:8,1
DA:11,1
DA:14,1
DA:17,1
DA:20,1
DA:23,1
DA:26,1
DA:27,1
LF:8
LH:8
BRF:0
BRH:0
end_of_record
TN:
SF:src/main.routes.js
FN:4,(anonymous_0)
FNF:1
FNH:1
FNDA:1,(anonymous_0)
DA:5,1
DA:6,1
DA:7,1
DA:8,1
DA:9,1
LF:5
LH:5
BRF:0
BRH:0
end_of_record
TN:
SF:src/users.db.js
FNF:0
FNH:0
LF:0
LH:0
BRF:0
BRH:0
end_of_record
TN:
SF:src/api/admin/admin.controller.js
FN:5,(anonymous_0)
FNF:1
FNH:0
FNDA:0,(anonymous_0)
DA:5,1
DA:6,0
DA:7,0
DA:8,0
DA:10,0
DA:11,0
LF:6
LH:1
BRDA:7,0,0,0
BRDA:7,0,1,0
BRF:2
BRH:0
end_of_record
TN:
SF:src/api/admin/admin.routes.js
FNF:0
FNH:0
DA:6,1
DA:8,1
LF:2
LH:2
BRF:0
BRH:0
end_of_record
TN:
SF:src/api/auth/auth.controller.js
FN:4,(anonymous_0)
FN:17,(anonymous_1)
FN:28,(anonymous_2)
FNF:3
FNH:1
FNDA:3,(anonymous_0)
FNDA:0,(anonymous_1)
FNDA:0,(anonymous_2)
DA:4,1
DA:5,3
DA:7,3
DA:8,1
DA:10,2
DA:11,2
DA:12,2
DA:13,2
DA:17,1
DA:18,0
DA:19,0
DA:20,0
DA:21,0
DA:22,0
DA:24,0
DA:28,1
DA:29,0
LF:17
LH:10
BRDA:7,0,0,1
BRDA:7,0,1,2
BRDA:20,1,0,0
BRDA:20,1,1,0
BRF:4
BRH:2
end_of_record
TN:
SF:src/api/auth/auth.routes.js
FNF:0
FNH:0
DA:7,1
DA:9,1
DA:11,1
DA:13,1
LF:4
LH:4
BRF:0
BRH:0
end_of_record
TN:
SF:src/api/auth/auth.validator.js
FN:3,(anonymous_0)
FN:4,(anonymous_1)
FNF:2
FNH:2
FNDA:2,(anonymous_0)
FNDA:2,(anonymous_1)
DA:3,2
DA:4,1
DA:5,2
DA:9,1
DA:11,1
LF:5
LH:5
BRF:0
BRH:0
end_of_record
TN:
SF:src/api/home/home.controller.js
FN:1,(anonymous_0)
FNF:1
FNH:0
FNDA:0,(anonymous_0)
DA:1,1
DA:2,0
LF:2
LH:1
BRF:0
BRH:0
end_of_record
TN:
SF:src/api/home/home.routes.js
FNF:0
FNH:0
DA:3,1
DA:5,1
DA:7,1
LF:3
LH:3
BRF:0
BRH:0
end_of_record
TN:
SF:src/api/services/services.controller.js
FN:3,(anonymous_0)
FNF:1
FNH:0
FNDA:0,(anonymous_0)
DA:3,1
DA:4,0
DA:5,0
DA:6,0
LF:4
LH:1
BRF:0
BRH:0
end_of_record
TN:
SF:src/api/services/services.routes.js
FNF:0
FNH:0
DA:5,1
DA:7,1
LF:2
LH:2
BRF:0
BRH:0
end_of_record
TN:
SF:src/api/services/services.validator.js
FNF:0
FNH:0
LF:0
LH:0
BRF:0
BRH:0
end_of_record
TN:
SF:src/util/error.manager.js
FN:4,(anonymous_0)
FN:11,(anonymous_1)
FN:22,(anonymous_2)
FNF:3
FNH:3
FNDA:10,(anonymous_0)
FNDA:10,(anonymous_1)
FNDA:12,(anonymous_2)
DA:4,1
DA:5,10
DA:6,10
DA:12,10
DA:15,10
DA:16,10
DA:17,10
DA:22,1
DA:23,12
DA:24,12
DA:26,9
DA:28,3
LF:12
LH:12
BRDA:11,0,0,1
BRDA:12,1,0,10
BRDA:12,1,1,0
BRDA:16,2,0,10
BRDA:16,2,1,0
BRDA:24,3,0,9
BRDA:24,3,1,3
BRF:7
BRH:5
end_of_record
TN:
SF:src/util/logger.js
FN:6,(anonymous_0)
FN:9,(anonymous_1)
FN:51,(anonymous_2)
FNF:3
FNH:3
FNDA:12,(anonymous_0)
FNDA:12,(anonymous_1)
FNDA:10,(anonymous_2)
DA:6,1
DA:7,12
DA:9,12
DA:20,12
DA:21,12
DA:23,12
DA:24,12
DA:26,12
DA:47,12
DA:51,1
DA:52,10
DA:53,10
DA:63,10
LF:13
LH:13
BRDA:59,0,0,10
BRDA:59,0,1,10
BRDA:59,0,2,0
BRF:3
BRH:2
end_of_record
TN:
SF:src/util/token.manager.js
FN:12,(anonymous_0)
FN:18,(anonymous_1)
FN:31,(anonymous_2)
FN:39,(anonymous_3)
FN:45,(anonymous_4)
FN:60,(anonymous_5)
FNF:6
FNH:2
FNDA:2,(anonymous_0)
FNDA:0,(anonymous_1)
FNDA:0,(anonymous_2)
FNDA:2,(anonymous_3)
FNDA:0,(anonymous_4)
FNDA:0,(anonymous_5)
DA:5,1
DA:6,1
DA:8,1
DA:12,1
DA:13,2
DA:18,1
DA:19,0
DA:20,0
DA:22,0
DA:24,0
DA:27,0
DA:31,1
DA:32,0
DA:33,0
DA:34,0
DA:36,0
DA:39,1
DA:40,2
DA:41,2
DA:42,2
DA:45,1
DA:46,0
DA:47,0
DA:49,0
DA:51,0
DA:55,0
DA:57,0
DA:60,1
LF:28
LH:13
BRDA:6,0,0,0
BRDA:6,0,1,1
BRDA:8,1,0,0
BRDA:8,1,1,1
BRDA:22,2,0,0
BRDA:22,2,1,0
BRDA:33,3,0,0
BRDA:33,3,1,0
BRDA:33,4,0,0
BRDA:33,4,1,0
BRDA:47,5,0,0
BRDA:47,5,1,0
BRF:12
BRH:2
end_of_record
TN:
SF:src/util/winston.logger.js
FN:11,(anonymous_0)
FN:20,(anonymous_1)
FN:34,(anonymous_2)
FN:46,(anonymous_3)
FN:64,(anonymous_4)
FN:98,(anonymous_5)
FNF:6
FNH:2
FNDA:0,(anonymous_0)
FNDA:0,(anonymous_1)
FNDA:2,(anonymous_2)
FNDA:0,(anonymous_3)
FNDA:2,(anonymous_4)
FNDA:0,(anonymous_5)
DA:8,1
DA:10,1
DA:12,0
DA:19,1
DA:21,0
DA:24,1
DA:28,1
DA:34,2
DA:46,1
DA:64,1
DA:74,2
DA:75,0
DA:78,2
DA:88,2
DA:89,2
DA:92,2
DA:93,0
DA:97,2
DA:100,0
DA:104,2
DA:105,2
DA:112,1
LF:22
LH:17
BRDA:66,0,0,2
BRDA:67,1,0,2
BRDA:67,2,0,2
BRDA:67,2,1,0
BRDA:68,3,0,2
BRDA:68,4,0,2
BRDA:68,4,1,2
BRDA:69,5,0,2
BRDA:70,6,0,2
BRDA:71,7,0,2
BRDA:74,8,0,0
BRDA:74,8,1,2
BRDA:88,9,0,2
BRDA:88,9,1,0
BRDA:92,10,0,0
BRDA:92,10,1,2
BRDA:92,11,0,2
BRDA:92,11,1,0
BRF:18
BRH:13
end_of_record
